# JRE version: OpenJDK Runtime Environment (8.0_152-b06) (build 1.8.0_152-release-1136-b06)
# Java VM: OpenJDK 64-Bit Server VM (25.152-b06 mixed mode windows-amd64 compressed oops)
Heap:
 PSYoungGen      total 360960K, used 113976K [0x00000000e0000000, 0x00000000fc300000, 0x0000000100000000)
  eden space 300544K, 35% used [0x00000000e0000000,0x00000000e6887eb0,0x00000000f2580000)
  from space 60416K, 11% used [0x00000000f6080000,0x00000000f6746280,0x00000000f9b80000)
  to   space 60416K, 0% used [0x00000000f2580000,0x00000000f2580000,0x00000000f6080000)
 ParOldGen       total 158208K, used 91229K [0x00000000a0000000, 0x00000000a9a80000, 0x00000000e0000000)
  object space 158208K, 57% used [0x00000000a0000000,0x00000000a59177f8,0x00000000a9a80000)
 Metaspace       used 96625K, capacity 101144K, committed 101396K, reserved 1138688K
  class space    used 11955K, capacity 13011K, committed 13116K, reserved 1048576K
GC Heap History (10 events):
Event: 13507.241 GC heap before
{Heap before GC invocations=54 (full 4):
 PSYoungGen      total 286208K, used 258703K [0x00000000e0000000, 0x00000000f7580000, 0x0000000100000000)
  eden space 221184K, 100% used [0x00000000e0000000,0x00000000ed800000,0x00000000ed800000)
  from space 65024K, 57% used [0x00000000ed800000,0x00000000efca3ea8,0x00000000f1780000)
  to   space 65024K, 0% used [0x00000000f3600000,0x00000000f3600000,0x00000000f7580000)
 ParOldGen       total 158208K, used 67455K [0x00000000a0000000, 0x00000000a9a80000, 0x00000000e0000000)
  object space 158208K, 42% used [0x00000000a0000000,0x00000000a41dfc90,0x00000000a9a80000)
 Metaspace       used 96541K, capacity 101074K, committed 101396K, reserved 1138688K
  class space    used 11953K, capacity 13010K, committed 13116K, reserved 1048576K
Event: 13509.109 GC heap after
Heap after GC invocations=54 (full 4):
 PSYoungGen      total 319488K, used 27138K [0x00000000e0000000, 0x00000000f7400000, 0x0000000100000000)
  eden space 256000K, 0% used [0x00000000e0000000,0x00000000e0000000,0x00000000efa00000)
  from space 63488K, 42% used [0x00000000f3600000,0x00000000f5080bf8,0x00000000f7400000)
  to   space 61440K, 0% used [0x00000000efa00000,0x00000000efa00000,0x00000000f3600000)
 ParOldGen       total 158208K, used 76985K [0x00000000a0000000, 0x00000000a9a80000, 0x00000000e0000000)
  object space 158208K, 48% used [0x00000000a0000000,0x00000000a4b2e538,0x00000000a9a80000)
 Metaspace       used 96541K, capacity 101074K, committed 101396K, reserved 1138688K
  class space    used 11953K, capacity 13010K, committed 13116K, reserved 1048576K
}
Event: 13519.405 GC heap before
{Heap before GC invocations=55 (full 4):
 PSYoungGen      total 319488K, used 283138K [0x00000000e0000000, 0x00000000f7400000, 0x0000000100000000)
  eden space 256000K, 100% used [0x00000000e0000000,0x00000000efa00000,0x00000000efa00000)
  from space 63488K, 42% used [0x00000000f3600000,0x00000000f5080bf8,0x00000000f7400000)
  to   space 61440K, 0% used [0x00000000efa00000,0x00000000efa00000,0x00000000f3600000)
 ParOldGen       total 158208K, used 76985K [0x00000000a0000000, 0x00000000a9a80000, 0x00000000e0000000)
  object space 158208K, 48% used [0x00000000a0000000,0x00000000a4b2e538,0x00000000a9a80000)
 Metaspace       used 96571K, capacity 101138K, committed 101396K, reserved 1138688K
  class space    used 11953K, capacity 13010K, committed 13116K, reserved 1048576K
Event: 13520.541 GC heap after
Heap after GC invocations=55 (full 4):
 PSYoungGen      total 317440K, used 9503K [0x00000000e0000000, 0x00000000f9d00000, 0x0000000100000000)
  eden space 256000K, 0% used [0x00000000e0000000,0x00000000e0000000,0x00000000efa00000)
  from space 61440K, 15% used [0x00000000efa00000,0x00000000f0347c00,0x00000000f3600000)
  to   space 61952K, 0% used [0x00000000f6080000,0x00000000f6080000,0x00000000f9d00000)
 ParOldGen       total 158208K, used 88221K [0x00000000a0000000, 0x00000000a9a80000, 0x00000000e0000000)
  object space 158208K, 55% used [0x00000000a0000000,0x00000000a5627748,0x00000000a9a80000)
 Metaspace       used 96571K, capacity 101138K, committed 101396K, reserved 1138688K
  class space    used 11953K, capacity 13010K, committed 13116K, reserved 1048576K
}
Event: 13529.133 GC heap before
{Heap before GC invocations=56 (full 4):
 PSYoungGen      total 317440K, used 265503K [0x00000000e0000000, 0x00000000f9d00000, 0x0000000100000000)
  eden space 256000K, 100% used [0x00000000e0000000,0x00000000efa00000,0x00000000efa00000)
  from space 61440K, 15% used [0x00000000efa00000,0x00000000f0347c00,0x00000000f3600000)
  to   space 61952K, 0% used [0x00000000f6080000,0x00000000f6080000,0x00000000f9d00000)
 ParOldGen       total 158208K, used 88221K [0x00000000a0000000, 0x00000000a9a80000, 0x00000000e0000000)
  object space 158208K, 55% used [0x00000000a0000000,0x00000000a5627748,0x00000000a9a80000)
 Metaspace       used 96588K, capacity 101142K, committed 101396K, reserved 1138688K
  class space    used 11953K, capacity 13010K, committed 13116K, reserved 1048576K
Event: 13529.391 GC heap after
Heap after GC invocations=56 (full 4):
 PSYoungGen      total 357888K, used 6102K [0x00000000e0000000, 0x00000000f9b80000, 0x0000000100000000)
  eden space 297472K, 0% used [0x00000000e0000000,0x00000000e0000000,0x00000000f2280000)
  from space 60416K, 10% used [0x00000000f6080000,0x00000000f6675a28,0x00000000f9b80000)
  to   space 61952K, 0% used [0x00000000f2280000,0x00000000f2280000,0x00000000f5f00000)
 ParOldGen       total 158208K, used 91181K [0x00000000a0000000, 0x00000000a9a80000, 0x00000000e0000000)
  object space 158208K, 57% used [0x00000000a0000000,0x00000000a590b7f8,0x00000000a9a80000)
 Metaspace       used 96588K, capacity 101142K, committed 101396K, reserved 1138688K
  class space    used 11953K, capacity 13010K, committed 13116K, reserved 1048576K
}
Event: 13538.702 GC heap before
{Heap before GC invocations=57 (full 4):
 PSYoungGen      total 357888K, used 303574K [0x00000000e0000000, 0x00000000f9b80000, 0x0000000100000000)
  eden space 297472K, 100% used [0x00000000e0000000,0x00000000f2280000,0x00000000f2280000)
  from space 60416K, 10% used [0x00000000f6080000,0x00000000f6675a28,0x00000000f9b80000)
  to   space 61952K, 0% used [0x00000000f2280000,0x00000000f2280000,0x00000000f5f00000)
 ParOldGen       total 158208K, used 91181K [0x00000000a0000000, 0x00000000a9a80000, 0x00000000e0000000)
  object space 158208K, 57% used [0x00000000a0000000,0x00000000a590b7f8,0x00000000a9a80000)
 Metaspace       used 96595K, capacity 101144K, committed 101396K, reserved 1138688K
  class space    used 11954K, capacity 13011K, committed 13116K, reserved 1048576K
Event: 13538.997 GC heap after
Heap after GC invocations=57 (full 4):
 PSYoungGen      total 359424K, used 5168K [0x00000000e0000000, 0x00000000f9b80000, 0x0000000100000000)
  eden space 297472K, 0% used [0x00000000e0000000,0x00000000e0000000,0x00000000f2280000)
  from space 61952K, 8% used [0x00000000f2280000,0x00000000f278c300,0x00000000f5f00000)
  to   space 60416K, 0% used [0x00000000f6080000,0x00000000f6080000,0x00000000f9b80000)
 ParOldGen       total 158208K, used 91213K [0x00000000a0000000, 0x00000000a9a80000, 0x00000000e0000000)
  object space 158208K, 57% used [0x00000000a0000000,0x00000000a59137f8,0x00000000a9a80000)
 Metaspace       used 96595K, capacity 101144K, committed 101396K, reserved 1138688K
  class space    used 11954K, capacity 13011K, committed 13116K, reserved 1048576K
}
Event: 13548.259 GC heap before
{Heap before GC invocations=58 (full 4):
 PSYoungGen      total 359424K, used 302640K [0x00000000e0000000, 0x00000000f9b80000, 0x0000000100000000)
  eden space 297472K, 100% used [0x00000000e0000000,0x00000000f2280000,0x00000000f2280000)
  from space 61952K, 8% used [0x00000000f2280000,0x00000000f278c300,0x00000000f5f00000)
  to   space 60416K, 0% used [0x00000000f6080000,0x00000000f6080000,0x00000000f9b80000)
 ParOldGen       total 158208K, used 91213K [0x00000000a0000000, 0x00000000a9a80000, 0x00000000e0000000)
  object space 158208K, 57% used [0x00000000a0000000,0x00000000a59137f8,0x00000000a9a80000)
 Metaspace       used 96622K, capacity 101144K, committed 101396K, reserved 1138688K
  class space    used 11955K, capacity 13011K, committed 13116K, reserved 1048576K
Event: 13548.315 GC heap after
Heap after GC invocations=58 (full 4):
 PSYoungGen      total 360960K, used 6936K [0x00000000e0000000, 0x00000000fc300000, 0x0000000100000000)
  eden space 300544K, 0% used [0x00000000e0000000,0x00000000e0000000,0x00000000f2580000)
  from space 60416K, 11% used [0x00000000f6080000,0x00000000f6746280,0x00000000f9b80000)
  to   space 60416K, 0% used [0x00000000f2580000,0x00000000f2580000,0x00000000f6080000)
 ParOldGen       total 158208K, used 91229K [0x00000000a0000000, 0x00000000a9a80000, 0x00000000e0000000)
  object space 158208K, 57% used [0x00000000a0000000,0x00000000a59177f8,0x00000000a9a80000)
 Metaspace       used 96622K, capacity 101144K, committed 101396K, reserved 1138688K
  class space    used 11955K, capacity 13011K, committed 13116K, reserved 1048576K
}

